#############################################################
Analyze Results

Input Board:
|    | 01   02   03   04   05   06 |    | 07   08   09   10   11   12 |    |
|----|----+----+----+----+----+----|----|----+----+----+----+----+----|----|
| 00 |       O    O    O    X    O |    |       O    O         X      |    |
|    |       O    O    O    X    O |    |       O    O                |    |
|    |                             |    |       O                     |    |
|    |                             | O  |                             |    |
|    |                             | 00 |                             |    |
|    |                             |    |                             |    |
|----|                             |    |                             |----|
|    |                             |    |                             |    |
|    |                             | 00 |                             |    |
|    |                             | X  |                             |    |
|    |                             |    |                             |    |
|    |       O    X         X    X |    |  X    X                     |    |
| 00 |       O    X         X    X |    |  X    X         X    X      |    |
|----|----+----+----+----+----+----|----|----+----+----+----+----+----|----|
|    | 24   23   22   21   20   19 |    | 18   17   16   15   14   13 |    |


Current Analyze:
Valuation = 0.2280951291322708


Possible Roll Options:
Roll = (1, 1)
Move Option: ((2, 1), (2, 1), (3, 2), (2, 1)) ----> (0.2820572257041931, 0.33382028341293335, 0.2555411159992218, 0.12858140468597412)
Move Option: ((2, 1), (2, 1), (3, 2), (3, 2)) ----> (0.25435832142829895, 0.32519492506980896, 0.2912464439868927, 0.12920033931732178)
Move Option: ((2, 1), (2, 1), (3, 2), (4, 3)) ----> (0.27429765462875366, 0.330434650182724, 0.2676869034767151, 0.12758086621761322)
Move Option: ((2, 1), (2, 1), (3, 2), (8, 7)) ----> (0.2723064422607422, 0.32974860072135925, 0.2700144052505493, 0.12793049216270447)
Move Option: ((2, 1), (2, 1), (3, 2), (9, 8)) ----> (0.2783079445362091, 0.3315650522708893, 0.26252734661102295, 0.1275995969772339)
Move Option: ((2, 1), (2, 1), (4, 3), (4, 3)) ----> (0.26657649874687195, 0.32772529125213623, 0.2774951159954071, 0.12820309400558472)
Move Option: ((2, 1), (2, 1), (4, 3), (8, 7)) ----> (0.2724227011203766, 0.32979121804237366, 0.2693397104740143, 0.12844642996788025)
Move Option: ((2, 1), (2, 1), (4, 3), (9, 8)) ----> (0.27847376465797424, 0.33175602555274963, 0.2615712285041809, 0.12819889187812805)
Move Option: ((2, 1), (2, 1), (8, 7), (7, 6)) ----> (0.2535625100135803, 0.32445716857910156, 0.2908119857311249, 0.13116832077503204)
Move Option: ((2, 1), (2, 1), (8, 7), (8, 7)) ----> (0.2502029538154602, 0.3235829472541809, 0.29468733072280884, 0.13152670860290527)
Move Option: ((2, 1), (2, 1), (8, 7), (9, 8)) ----> (0.2589448094367981, 0.3269893229007721, 0.28328874707221985, 0.13077715039253235)
Move Option: ((2, 1), (2, 1), (9, 8), (9, 8)) ----> (0.26673001050949097, 0.329806387424469, 0.2736993432044983, 0.12976421415805817)
Move Option: ((2, 1), (3, 2), (3, 2), (4, 3)) ----> (0.2930481731891632, 0.3339693546295166, 0.24642659723758698, 0.12655586004257202)
Move Option: ((2, 1), (3, 2), (3, 2), (8, 7)) ----> (0.2746132016181946, 0.33004462718963623, 0.26711300015449524, 0.12822920083999634)
Move Option: ((2, 1), (3, 2), (3, 2), (9, 8)) ----> (0.2806902825832367, 0.3319498598575592, 0.25939321517944336, 0.12796670198440552)
Move Option: ((2, 1), (3, 2), (4, 3), (4, 3)) ----> (0.2670941650867462, 0.32778915762901306, 0.2776861786842346, 0.12743057310581207)
Move Option: ((2, 1), (3, 2), (4, 3), (8, 7)) ----> (0.2733817994594574, 0.3298644423484802, 0.26893872022628784, 0.12781499326229095)
Move Option: ((2, 1), (3, 2), (4, 3), (9, 8)) ----> (0.2797202467918396, 0.33184391260147095, 0.26079997420310974, 0.12763580679893494)
Move Option: ((2, 1), (3, 2), (8, 7), (7, 6)) ----> (0.2676936388015747, 0.32804492115974426, 0.2760988175868988, 0.12816265225410461)
Move Option: ((2, 1), (3, 2), (8, 7), (8, 7)) ----> (0.26410606503486633, 0.327107310295105, 0.280474454164505, 0.12831223011016846)
Move Option: ((2, 1), (3, 2), (8, 7), (9, 8)) ----> (0.272330105304718, 0.32973513007164, 0.26989349722862244, 0.12804126739501953)
Move Option: ((2, 1), (3, 2), (9, 8), (9, 8)) ----> (0.27959704399108887, 0.3320685029029846, 0.26064997911453247, 0.1276845782995224)
Move Option: ((2, 1), (4, 3), (4, 3), (8, 7)) ----> (0.28108006715774536, 0.33051055669784546, 0.26167169213294983, 0.12673769891262054)
Move Option: ((2, 1), (4, 3), (4, 3), (9, 8)) ----> (0.286323219537735, 0.3322962820529938, 0.2545621395111084, 0.12681844830513)
Move Option: ((2, 1), (4, 3), (8, 7), (7, 6)) ----> (0.2821822464466095, 0.331301212310791, 0.25935083627700806, 0.12716569006443024)
Move Option: ((2, 1), (4, 3), (8, 7), (8, 7)) ----> (0.2801104784011841, 0.33052000403404236, 0.2625008225440979, 0.12686870992183685)
Move Option: ((2, 1), (4, 3), (8, 7), (9, 8)) ----> (0.2871206998825073, 0.3330164849758148, 0.2527184784412384, 0.12714436650276184)
Move Option: ((2, 1), (4, 3), (9, 8), (9, 8)) ----> (0.29343509674072266, 0.3352638781070709, 0.24403610825538635, 0.1272648721933365)
Move Option: ((2, 1), (8, 7), (7, 6), (8, 7)) ----> (0.2735704779624939, 0.3300553262233734, 0.26800331473350525, 0.12837089598178864)
Move Option: ((2, 1), (8, 7), (7, 6), (9, 8)) ----> (0.2692786753177643, 0.3292890787124634, 0.2723597288131714, 0.12907251715660095)
Move Option: ((2, 1), (8, 7), (8, 7), (8, 7)) ----> (0.2664691209793091, 0.3285055458545685, 0.2760564088821411, 0.12896892428398132)
Move Option: ((2, 1), (8, 7), (8, 7), (9, 8)) ----> (0.2603316009044647, 0.32652854919433594, 0.2829551100730896, 0.13018478453159332)
Move Option: ((2, 1), (8, 7), (9, 8), (9, 8)) ----> (0.2748160660266876, 0.33148935437202454, 0.2649261951446533, 0.12876839935779572)
Move Option: ((3, 2), (3, 2), (4, 3), (3, 2)) ----> (0.28181642293930054, 0.33064529299736023, 0.2607787847518921, 0.12675946950912476)
Move Option: ((3, 2), (3, 2), (4, 3), (4, 3)) ----> (0.26773443818092346, 0.3278077244758606, 0.2768193483352661, 0.127638578414917)
Move Option: ((3, 2), (3, 2), (4, 3), (8, 7)) ----> (0.2876798212528229, 0.33212536573410034, 0.25369706749916077, 0.12649771571159363)
Move Option: ((3, 2), (3, 2), (4, 3), (9, 8)) ----> (0.29233410954475403, 0.33375757932662964, 0.24725794792175293, 0.1266503930091858)
Move Option: ((3, 2), (3, 2), (8, 7), (7, 6)) ----> (0.2648903429508209, 0.32665643095970154, 0.27966606616973877, 0.1287871152162552)
Move Option: ((3, 2), (3, 2), (8, 7), (8, 7)) ----> (0.2614211440086365, 0.3258836269378662, 0.28366154432296753, 0.12903374433517456)
Move Option: ((3, 2), (3, 2), (8, 7), (9, 8)) ----> (0.2692672312259674, 0.328437864780426, 0.2736627757549286, 0.12863211333751678)
Move Option: ((3, 2), (3, 2), (9, 8), (9, 8)) ----> (0.27636048197746277, 0.33078473806381226, 0.264700323343277, 0.12815450131893158)
Move Option: ((3, 2), (4, 3), (4, 3), (8, 7)) ----> (0.26783013343811035, 0.32757869362831116, 0.2767801284790039, 0.1278110146522522)
Move Option: ((3, 2), (4, 3), (4, 3), (9, 8)) ----> (0.2737511396408081, 0.32915186882019043, 0.26975977420806885, 0.12733721733093262)
Move Option: ((3, 2), (4, 3), (8, 7), (7, 6)) ----> (0.27037444710731506, 0.32855260372161865, 0.2728595733642578, 0.1282133311033249)
Move Option: ((3, 2), (4, 3), (8, 7), (8, 7)) ----> (0.2679547369480133, 0.3280631899833679, 0.2756692171096802, 0.1283128261566162)
Move Option: ((3, 2), (4, 3), (8, 7), (9, 8)) ----> (0.2757073938846588, 0.3305265009403229, 0.2657090127468109, 0.128057062625885)
Move Option: ((3, 2), (4, 3), (9, 8), (9, 8)) ----> (0.28294944763183594, 0.3328677713871002, 0.25640517473220825, 0.12777762115001678)
Move Option: ((3, 2), (8, 7), (7, 6), (8, 7)) ----> (0.27417775988578796, 0.3293640911579132, 0.26871952414512634, 0.12773852050304413)
Move Option: ((3, 2), (8, 7), (7, 6), (9, 8)) ----> (0.2703908383846283, 0.3285714089870453, 0.27293235063552856, 0.12810546159744263)
Move Option: ((3, 2), (8, 7), (8, 7), (8, 7)) ----> (0.2673192322254181, 0.32785335183143616, 0.2765584886074066, 0.12826895713806152)
Move Option: ((3, 2), (8, 7), (8, 7), (9, 8)) ----> (0.26147788763046265, 0.32615965604782104, 0.282983660697937, 0.1293787807226181)
Move Option: ((3, 2), (8, 7), (9, 8), (9, 8)) ----> (0.27566543221473694, 0.33068346977233887, 0.2655850648880005, 0.1280660778284073)
Move Option: ((4, 3), (4, 3), (8, 7), (7, 6)) ----> (0.25650516152381897, 0.32402855157852173, 0.29093247652053833, 0.12853382527828217)
Move Option: ((4, 3), (4, 3), (8, 7), (8, 7)) ----> (0.25404179096221924, 0.32369738817214966, 0.29344359040260315, 0.12881730496883392)
Move Option: ((4, 3), (4, 3), (8, 7), (9, 8)) ----> (0.2621455788612366, 0.32605093717575073, 0.2836107909679413, 0.1281927078962326)
Move Option: ((4, 3), (4, 3), (9, 8), (9, 8)) ----> (0.268621027469635, 0.32803863286972046, 0.27581271529197693, 0.1275276392698288)
Move Option: ((4, 3), (8, 7), (7, 6), (8, 7)) ----> (0.26852452754974365, 0.3276616334915161, 0.2762500047683716, 0.12756384909152985)
Move Option: ((4, 3), (8, 7), (7, 6), (9, 8)) ----> (0.26353853940963745, 0.32647550106048584, 0.28163766860961914, 0.12834827601909637)
Move Option: ((4, 3), (8, 7), (8, 7), (8, 7)) ----> (0.2620910108089447, 0.3266242742538452, 0.28280043601989746, 0.12848426401615143)
Move Option: ((4, 3), (8, 7), (8, 7), (9, 8)) ----> (0.2549740672111511, 0.32418617606163025, 0.2911851406097412, 0.12965457141399384)
Move Option: ((4, 3), (8, 7), (9, 8), (9, 8)) ----> (0.2689487636089325, 0.3286627531051636, 0.2743932604789734, 0.12799519300460815)
Move Option: ((8, 7), (7, 6), (8, 7), (7, 6)) ----> (0.2527698576450348, 0.323670357465744, 0.29374414682388306, 0.12981565296649933)
Move Option: ((8, 7), (7, 6), (8, 7), (8, 7)) ----> (0.23707273602485657, 0.3183757960796356, 0.31246280670166016, 0.13208864629268646)
Move Option: ((8, 7), (7, 6), (8, 7), (9, 8)) ----> (0.2474491149187088, 0.321607381105423, 0.2995310127735138, 0.13141247630119324)
Move Option: ((8, 7), (7, 6), (9, 8), (9, 8)) ----> (0.2503928244113922, 0.32344308495521545, 0.2957562506198883, 0.13040782511234283)
Move Option: ((8, 7), (8, 7), (8, 7), (9, 8)) ----> (0.24318274855613708, 0.3198111355304718, 0.30515074729919434, 0.13185536861419678)
Move Option: ((8, 7), (8, 7), (9, 8), (9, 8)) ----> (0.2334524691104889, 0.3164011240005493, 0.3168795704841614, 0.13326692581176758)

Roll = (1, 2)
Move Option: ((2, 1), (3, 1)) ----> (0.2710520625114441, 0.3294236958026886, 0.27191969752311707, 0.12760448455810547)
Move Option: ((2, 1), (4, 2)) ----> (0.2723998427391052, 0.3296433091163635, 0.2703688144683838, 0.12758801877498627)
Move Option: ((2, 1), (6, 4)) ----> (0.2960928678512573, 0.33611348271369934, 0.24038165807724, 0.12741200625896454)
Move Option: ((2, 1), (8, 6)) ----> (0.26708054542541504, 0.32839342951774597, 0.2755429744720459, 0.1289830505847931)
Move Option: ((2, 1), (9, 7)) ----> (0.27203166484832764, 0.33022341132164, 0.268972247838974, 0.12877264618873596)
Move Option: ((2, 1), (23, 21)) ----> (0.2608797550201416, 0.32631197571754456, 0.2846815586090088, 0.12812669575214386)
Move Option: ((3, 2), (3, 1)) ----> (0.2733013927936554, 0.32968589663505554, 0.26907914876937866, 0.12793350219726562)
Move Option: ((3, 2), (4, 2)) ----> (0.28527945280075073, 0.3314850628376007, 0.2568170130252838, 0.12641848623752594)
Move Option: ((3, 2), (6, 4)) ----> (0.2957359254360199, 0.33498692512512207, 0.24244804680347443, 0.12682916224002838)
Move Option: ((3, 2), (8, 6)) ----> (0.26782962679862976, 0.3275581896305084, 0.2764891982078552, 0.1281229853630066)
Move Option: ((3, 2), (9, 7)) ----> (0.2721918225288391, 0.3292781710624695, 0.2704673111438751, 0.1280626654624939)
Move Option: ((3, 2), (23, 21)) ----> (0.26064908504486084, 0.32536470890045166, 0.2865983545780182, 0.12738794088363647)
Move Option: ((4, 3), (4, 2)) ----> (0.26652300357818604, 0.3271976113319397, 0.2787885069847107, 0.12749086320400238)
Move Option: ((4, 3), (6, 4)) ----> (0.275503009557724, 0.3302052319049835, 0.26695141196250916, 0.12734034657478333)
Move Option: ((4, 3), (8, 6)) ----> (0.26114949584007263, 0.32570067048072815, 0.2847883105278015, 0.12836144864559174)
Move Option: ((4, 3), (9, 7)) ----> (0.26640060544013977, 0.3276559114456177, 0.2778216302394867, 0.12812185287475586)
Move Option: ((4, 3), (23, 21)) ----> (0.2550102770328522, 0.32414117455482483, 0.2931673526763916, 0.12768107652664185)
Move Option: ((8, 7), (3, 1)) ----> (0.27024045586586, 0.32889437675476074, 0.2729322016239166, 0.12793296575546265)
Move Option: ((8, 7), (4, 2)) ----> (0.2738938331604004, 0.32978853583335876, 0.26836133003234863, 0.12795627117156982)
Move Option: ((8, 7), (6, 4)) ----> (0.2775880694389343, 0.331183522939682, 0.2632453739643097, 0.127982959151268)
Move Option: ((8, 7), (8, 6)) ----> (0.25057515501976013, 0.3231039345264435, 0.29612165689468384, 0.13019926846027374)
Move Option: ((8, 7), (9, 7)) ----> (0.23529702425003052, 0.31634849309921265, 0.31509047746658325, 0.1332639902830124)
Move Option: ((8, 7), (23, 21)) ----> (0.2338852882385254, 0.31765368580818176, 0.3167788088321686, 0.13168224692344666)
Move Option: ((9, 8), (3, 1)) ----> (0.27623823285102844, 0.3307025134563446, 0.2654605507850647, 0.12759868800640106)
Move Option: ((9, 8), (4, 2)) ----> (0.27964451909065247, 0.33151352405548096, 0.26116815209388733, 0.12767378985881805)
Move Option: ((9, 8), (6, 4)) ----> (0.2839226722717285, 0.33301010727882385, 0.25537505745887756, 0.12769217789173126)
Move Option: ((9, 8), (8, 6)) ----> (0.24754376709461212, 0.32219579815864563, 0.29936516284942627, 0.13089536130428314)
Move Option: ((9, 8), (9, 7)) ----> (0.2514466941356659, 0.32418394088745117, 0.29401323199272156, 0.1303560584783554)
Move Option: ((9, 8), (23, 21)) ----> (0.24226172268390656, 0.3209075331687927, 0.30653607845306396, 0.13029469549655914)

Roll = (1, 3)
Move Option: ((2, 1), (4, 1)) ----> (0.27429765462875366, 0.330434650182724, 0.2676869034767151, 0.12758086621761322)
Move Option: ((2, 1), (6, 3)) ----> (0.2950243651866913, 0.3356302082538605, 0.24212707579135895, 0.1272183060646057)
Move Option: ((2, 1), (9, 6)) ----> (0.2692786753177643, 0.3292890787124634, 0.2723597288131714, 0.12907251715660095)
Move Option: ((3, 2), (4, 1)) ----> (0.2930481731891632, 0.3339693546295166, 0.24642659723758698, 0.12655586004257202)
Move Option: ((3, 2), (6, 3)) ----> (0.28461405634880066, 0.33295512199401855, 0.2549465596675873, 0.12748423218727112)
Move Option: ((3, 2), (9, 6)) ----> (0.2703908383846283, 0.3285714089870453, 0.27293235063552856, 0.12810546159744263)
Move Option: ((4, 3), (4, 1)) ----> (0.2670941650867462, 0.32778915762901306, 0.2776861786842346, 0.12743057310581207)
Move Option: ((4, 3), (6, 3)) ----> (0.2912578880786896, 0.3335941433906555, 0.24853791296482086, 0.12661005556583405)
Move Option: ((4, 3), (9, 6)) ----> (0.26353853940963745, 0.32647550106048584, 0.28163766860961914, 0.12834827601909637)
Move Option: ((8, 7), (4, 1)) ----> (0.2733817994594574, 0.3298644423484802, 0.26893872022628784, 0.12781499326229095)
Move Option: ((8, 7), (6, 3)) ----> (0.2764437198638916, 0.3305962085723877, 0.2652648091316223, 0.127695232629776)
Move Option: ((8, 7), (7, 4)) ----> (0.2528713643550873, 0.32421875, 0.2927781939506531, 0.13013166189193726)
Move Option: ((8, 7), (9, 6)) ----> (0.2474491149187088, 0.321607381105423, 0.2995310127735138, 0.13141247630119324)
Move Option: ((9, 8), (4, 1)) ----> (0.2797202467918396, 0.33184391260147095, 0.26079997420310974, 0.12763580679893494)
Move Option: ((9, 8), (6, 3)) ----> (0.2826181650161743, 0.3323671519756317, 0.2575964033603668, 0.12741830945014954)
Move Option: ((9, 8), (9, 6)) ----> (0.2503928244113922, 0.32344308495521545, 0.2957562506198883, 0.13040782511234283)

Roll = (1, 4)
Move Option: ((2, 1), (6, 2)) ----> (0.2849997282028198, 0.3335597515106201, 0.25386202335357666, 0.1275785267353058)
Move Option: ((2, 1), (8, 4)) ----> (0.27349284291267395, 0.33054184913635254, 0.26732301712036133, 0.12864229083061218)
Move Option: ((3, 2), (6, 2)) ----> (0.2962736189365387, 0.3352445662021637, 0.24164552986621857, 0.12683625519275665)
Move Option: ((3, 2), (8, 4)) ----> (0.27379685640335083, 0.3294163644313812, 0.26902082562446594, 0.1277659833431244)
Move Option: ((4, 3), (6, 2)) ----> (0.29825904965400696, 0.3359511196613312, 0.23887474834918976, 0.12691514194011688)
Move Option: ((4, 3), (8, 4)) ----> (0.24989169836044312, 0.3231159746646881, 0.29671770334243774, 0.13027457892894745)
Move Option: ((8, 7), (6, 2)) ----> (0.28585267066955566, 0.3336757719516754, 0.25253549218177795, 0.12793602049350739)
Move Option: ((8, 7), (8, 4)) ----> (0.25851818919181824, 0.32595744729042053, 0.28605616092681885, 0.12946826219558716)
Move Option: ((9, 8), (6, 2)) ----> (0.29187244176864624, 0.33532649278640747, 0.24508249759674072, 0.12771852314472198)
Move Option: ((9, 8), (8, 4)) ----> (0.25506383180618286, 0.32501140236854553, 0.289870023727417, 0.13005474209785461)

Roll = (1, 5)
Move Option: ((2, 1), (6, 1)) ----> (0.28663623332977295, 0.334377259016037, 0.25133347511291504, 0.12765301764011383)
Move Option: ((2, 1), (8, 3)) ----> (0.2725086212158203, 0.3301050364971161, 0.26896119117736816, 0.12842519581317902)
Move Option: ((2, 1), (9, 4)) ----> (0.27599453926086426, 0.33158034086227417, 0.26365333795547485, 0.12877175211906433)
Move Option: ((3, 2), (6, 1)) ----> (0.3040008842945099, 0.33780965209007263, 0.23102258145809174, 0.12716692686080933)
Move Option: ((3, 2), (8, 3)) ----> (0.2588876783847809, 0.32601842284202576, 0.2853514552116394, 0.12974247336387634)
Move Option: ((3, 2), (9, 4)) ----> (0.2759765386581421, 0.3302186131477356, 0.2659798860549927, 0.12782497704029083)
Move Option: ((4, 3), (6, 1)) ----> (0.2990914583206177, 0.33618152141571045, 0.23791368305683136, 0.12681329250335693)
Move Option: ((4, 3), (8, 3)) ----> (0.26830431818962097, 0.3280118703842163, 0.2757262885570526, 0.12795761227607727)
Move Option: ((4, 3), (9, 4)) ----> (0.25217893719673157, 0.323925644159317, 0.2937104403972626, 0.13018497824668884)
Move Option: ((8, 7), (6, 1)) ----> (0.28579089045524597, 0.3339821994304657, 0.25230318307876587, 0.12792375683784485)
Move Option: ((8, 7), (8, 3)) ----> (0.2555948793888092, 0.3249181807041168, 0.2899550497531891, 0.1295318454504013)
Move Option: ((8, 7), (9, 4)) ----> (0.25529009103775024, 0.32479098439216614, 0.2893138527870178, 0.130605086684227)
Move Option: ((9, 8), (6, 1)) ----> (0.29192543029785156, 0.3357025980949402, 0.24461567401885986, 0.12775635719299316)
Move Option: ((9, 8), (9, 4)) ----> (0.25769302248954773, 0.32613900303840637, 0.28644058108329773, 0.12972743809223175)

Roll = (1, 6)
Move Option: ((2, 1), (8, 2)) ----> (0.2602543532848358, 0.32712700963020325, 0.28308823704719543, 0.12953044474124908)
Move Option: ((2, 1), (9, 3)) ----> (0.27480605244636536, 0.33097150921821594, 0.26572301983833313, 0.12849938869476318)
Move Option: ((3, 2), (8, 2)) ----> (0.27450183033943176, 0.32982489466667175, 0.26788094639778137, 0.1277923434972763)
Move Option: ((3, 2), (9, 3)) ----> (0.26097166538238525, 0.3267996907234192, 0.2825194001197815, 0.12970925867557526)
Move Option: ((4, 3), (8, 2)) ----> (0.2748311161994934, 0.32993894815444946, 0.2673359513282776, 0.12789399921894073)
Move Option: ((4, 3), (9, 3)) ----> (0.27009692788124084, 0.3285731375217438, 0.27338796854019165, 0.12794198095798492)
Move Option: ((8, 7), (8, 2)) ----> (0.26497888565063477, 0.32787761092185974, 0.2779163420200348, 0.12922707200050354)
Move Option: ((8, 7), (9, 3)) ----> (0.2524973154067993, 0.3237440884113312, 0.2930642366409302, 0.13069432973861694)
Move Option: ((9, 8), (9, 3)) ----> (0.25451841950416565, 0.3250739574432373, 0.2904313802719116, 0.129976287484169)

Roll = (2, 2)
Move Option: ((3, 1), (3, 1), (4, 2), (4, 2)) ----> (0.27104321122169495, 0.3287058174610138, 0.2728034555912018, 0.12744750082492828)
Move Option: ((3, 1), (3, 1), (4, 2), (6, 4)) ----> (0.28935882449150085, 0.3342205286026001, 0.2490699738264084, 0.1273505985736847)
Move Option: ((3, 1), (3, 1), (4, 2), (8, 6)) ----> (0.27581021189689636, 0.3300803005695343, 0.26630645990371704, 0.1278030127286911)
Move Option: ((3, 1), (3, 1), (4, 2), (9, 7)) ----> (0.2822994887828827, 0.3322613835334778, 0.2578033208847046, 0.12763577699661255)
Move Option: ((3, 1), (3, 1), (4, 2), (23, 21)) ----> (0.27064356207847595, 0.32787442207336426, 0.27488505840301514, 0.12659698724746704)
Move Option: ((3, 1), (3, 1), (6, 4), (6, 4)) ----> (0.28955960273742676, 0.33498507738113403, 0.2475256621837616, 0.12792959809303284)
Move Option: ((3, 1), (3, 1), (6, 4), (8, 6)) ----> (0.2576826214790344, 0.32578587532043457, 0.28708964586257935, 0.1294419765472412)
Move Option: ((3, 1), (3, 1), (6, 4), (9, 7)) ----> (0.28649434447288513, 0.33386802673339844, 0.25188523530960083, 0.12775233387947083)
Move Option: ((3, 1), (3, 1), (6, 4), (23, 21)) ----> (0.2744446098804474, 0.3293040692806244, 0.2695596218109131, 0.1266917884349823)
Move Option: ((3, 1), (3, 1), (8, 6), (8, 6)) ----> (0.25846922397613525, 0.32546862959861755, 0.286955326795578, 0.12910684943199158)
Move Option: ((3, 1), (3, 1), (8, 6), (9, 7)) ----> (0.25463923811912537, 0.32444727420806885, 0.2904031276702881, 0.1305103600025177)
Move Option: ((3, 1), (3, 1), (8, 6), (23, 21)) ----> (0.24320726096630096, 0.3207615613937378, 0.3059069812297821, 0.13012424111366272)
Move Option: ((3, 1), (3, 1), (9, 7), (9, 7)) ----> (0.2445136308670044, 0.32193782925605774, 0.3019518554210663, 0.131596639752388)
Move Option: ((3, 1), (3, 1), (9, 7), (23, 21)) ----> (0.24951139092445374, 0.32354605197906494, 0.29726719856262207, 0.12967544794082642)
Move Option: ((3, 1), (3, 1), (23, 21), (23, 21)) ----> (0.22900967299938202, 0.31506747007369995, 0.3231637477874756, 0.13275912404060364)
Move Option: ((3, 1), (4, 2), (4, 2), (6, 4)) ----> (0.31716015934944153, 0.34104475378990173, 0.21460062265396118, 0.12719446420669556)
Move Option: ((3, 1), (4, 2), (4, 2), (8, 6)) ----> (0.2876197397708893, 0.3323509991168976, 0.2533239722251892, 0.12670521438121796)
Move Option: ((3, 1), (4, 2), (4, 2), (9, 7)) ----> (0.29245370626449585, 0.3339460790157318, 0.24687281250953674, 0.1267274171113968)
Move Option: ((3, 1), (4, 2), (4, 2), (23, 21)) ----> (0.28233277797698975, 0.3294700086116791, 0.2628653943538666, 0.12533187866210938)
Move Option: ((3, 1), (4, 2), (6, 4), (6, 4)) ----> (0.30502068996429443, 0.33903270959854126, 0.22813458740711212, 0.12781207263469696)
Move Option: ((3, 1), (4, 2), (6, 4), (8, 6)) ----> (0.2823318541049957, 0.3323836922645569, 0.25759854912757874, 0.12768587470054626)
Move Option: ((3, 1), (4, 2), (6, 4), (9, 7)) ----> (0.30722489953041077, 0.33933764696121216, 0.22575147449970245, 0.1276860237121582)
Move Option: ((3, 1), (4, 2), (6, 4), (23, 21)) ----> (0.29665884375572205, 0.3341168165206909, 0.24328124523162842, 0.1259431391954422)
Move Option: ((3, 1), (4, 2), (8, 6), (8, 6)) ----> (0.3025466501712799, 0.3361814022064209, 0.23476243019104004, 0.12650957703590393)
Move Option: ((3, 1), (4, 2), (8, 6), (9, 7)) ----> (0.2963252067565918, 0.3354770839214325, 0.24094806611537933, 0.12724962830543518)
Move Option: ((3, 1), (4, 2), (8, 6), (23, 21)) ----> (0.2856862246990204, 0.33062463998794556, 0.25796154141426086, 0.12572768330574036)
Move Option: ((3, 1), (4, 2), (9, 7), (9, 7)) ----> (0.2835406959056854, 0.3324638605117798, 0.2564384341239929, 0.12755699455738068)
Move Option: ((3, 1), (4, 2), (9, 7), (23, 21)) ----> (0.29052525758743286, 0.33222803473472595, 0.2514278292655945, 0.1258189082145691)
Move Option: ((3, 1), (4, 2), (23, 21), (23, 21)) ----> (0.27123576402664185, 0.32699674367904663, 0.27534812688827515, 0.12641939520835876)
Move Option: ((3, 1), (6, 4), (6, 4), (8, 6)) ----> (0.30241337418556213, 0.3370765447616577, 0.23348073661327362, 0.12702934443950653)
Move Option: ((3, 1), (6, 4), (6, 4), (9, 7)) ----> (0.30841776728630066, 0.34004998207092285, 0.22356900572776794, 0.12796325981616974)
Move Option: ((3, 1), (6, 4), (6, 4), (23, 21)) ----> (0.29921600222587585, 0.3353631794452667, 0.23904098570346832, 0.12637993693351746)
Move Option: ((3, 1), (6, 4), (8, 6), (8, 6)) ----> (0.27613961696624756, 0.3302757740020752, 0.26584652066230774, 0.1277381181716919)
Move Option: ((3, 1), (6, 4), (8, 6), (9, 7)) ----> (0.27706027030944824, 0.3310953676700592, 0.2636262774467468, 0.12821811437606812)
Move Option: ((3, 1), (6, 4), (8, 6), (23, 21)) ----> (0.2656518518924713, 0.32700610160827637, 0.2798539400100708, 0.12748806178569794)
Move Option: ((3, 1), (6, 4), (9, 7), (9, 7)) ----> (0.2870773375034332, 0.33392655849456787, 0.25125423073768616, 0.1277417540550232)
Move Option: ((3, 1), (6, 4), (9, 7), (23, 21)) ----> (0.29378917813301086, 0.3337787091732025, 0.2462463080883026, 0.12618575990200043)
Move Option: ((3, 1), (6, 4), (23, 21), (23, 21)) ----> (0.2722838521003723, 0.3275778591632843, 0.2735477387905121, 0.12659050524234772)
Move Option: ((3, 1), (8, 6), (8, 6), (8, 6)) ----> (0.27839550375938416, 0.33052322268486023, 0.264034241437912, 0.12704704701900482)
Move Option: ((3, 1), (8, 6), (8, 6), (9, 7)) ----> (0.2804209887981415, 0.3311731219291687, 0.26105403900146484, 0.127351775765419)
Move Option: ((3, 1), (8, 6), (8, 6), (23, 21)) ----> (0.2703319787979126, 0.32724884152412415, 0.2761673331260681, 0.12625189125537872)
Move Option: ((3, 1), (8, 6), (9, 7), (9, 7)) ----> (0.2577226758003235, 0.3254530131816864, 0.2868865132331848, 0.12993785738945007)
Move Option: ((3, 1), (8, 6), (9, 7), (23, 21)) ----> (0.2638801634311676, 0.32647183537483215, 0.28169557452201843, 0.1279524266719818)
Move Option: ((3, 1), (8, 6), (23, 21), (23, 21)) ----> (0.2431783378124237, 0.319644570350647, 0.3066278398036957, 0.1305493265390396)
Move Option: ((3, 1), (9, 7), (9, 7), (23, 21)) ----> (0.2505609095096588, 0.3235463798046112, 0.2963235080242157, 0.12956923246383667)
Move Option: ((3, 1), (9, 7), (23, 21), (23, 21)) ----> (0.250119686126709, 0.32244008779525757, 0.2977537512779236, 0.1296863853931427)
Move Option: ((4, 2), (4, 2), (6, 4), (4, 2)) ----> (0.2947417199611664, 0.33472907543182373, 0.24379318952560425, 0.12673598527908325)
Move Option: ((4, 2), (4, 2), (6, 4), (6, 4)) ----> (0.2873515188694, 0.33474427461624146, 0.24940505623817444, 0.1284991204738617)
Move Option: ((4, 2), (4, 2), (6, 4), (8, 6)) ----> (0.2775685489177704, 0.33109259605407715, 0.2633625566959381, 0.12797634303569794)
Move Option: ((4, 2), (4, 2), (6, 4), (9, 7)) ----> (0.3026164770126343, 0.3377987742424011, 0.23208358883857727, 0.12750110030174255)
Move Option: ((4, 2), (4, 2), (6, 4), (23, 21)) ----> (0.2924783527851105, 0.33304646611213684, 0.248509019613266, 0.1259661465883255)
Move Option: ((4, 2), (4, 2), (8, 6), (8, 6)) ----> (0.2723839581012726, 0.32845357060432434, 0.2715473175048828, 0.12761527299880981)
Move Option: ((4, 2), (4, 2), (8, 6), (9, 7)) ----> (0.2684636116027832, 0.32781320810317993, 0.275055468082428, 0.12866775691509247)
Move Option: ((4, 2), (4, 2), (8, 6), (23, 21)) ----> (0.25792568922042847, 0.32438480854034424, 0.2896052896976471, 0.1280842125415802)
Move Option: ((4, 2), (4, 2), (9, 7), (9, 7)) ----> (0.2586611807346344, 0.3257327079772949, 0.2863083481788635, 0.12929780781269073)
Move Option: ((4, 2), (4, 2), (9, 7), (23, 21)) ----> (0.2660181522369385, 0.32708099484443665, 0.27927282452583313, 0.12762798368930817)
Move Option: ((4, 2), (4, 2), (23, 21), (23, 21)) ----> (0.24687421321868896, 0.3212669789791107, 0.3022739887237549, 0.12958484888076782)
Move Option: ((4, 2), (6, 4), (6, 4), (8, 6)) ----> (0.2862169146537781, 0.3338439464569092, 0.2517760694026947, 0.12816306948661804)
Move Option: ((4, 2), (6, 4), (6, 4), (9, 7)) ----> (0.28982681035995483, 0.33580076694488525, 0.2453145831823349, 0.12905792891979218)
Move Option: ((4, 2), (6, 4), (6, 4), (23, 21)) ----> (0.2798916697502136, 0.33189448714256287, 0.2601816654205322, 0.1280321478843689)
Move Option: ((4, 2), (6, 4), (8, 6), (8, 6)) ----> (0.2590571343898773, 0.3254588842391968, 0.28556564450263977, 0.1299184411764145)
Move Option: ((4, 2), (6, 4), (8, 6), (9, 7)) ----> (0.261536568403244, 0.32681581377983093, 0.2813870906829834, 0.13026054203510284)
Move Option: ((4, 2), (6, 4), (8, 6), (23, 21)) ----> (0.25114908814430237, 0.3235209882259369, 0.29561948776245117, 0.12971043586730957)
Move Option: ((4, 2), (6, 4), (9, 7), (9, 7)) ----> (0.2757298946380615, 0.33117833733558655, 0.2644702196121216, 0.12862156331539154)
Move Option: ((4, 2), (6, 4), (9, 7), (23, 21)) ----> (0.2795513868331909, 0.33130115270614624, 0.26170748472213745, 0.1274399608373642)
Move Option: ((4, 2), (6, 4), (23, 21), (23, 21)) ----> (0.2590193450450897, 0.3251042068004608, 0.2872878909111023, 0.12858852744102478)
Move Option: ((4, 2), (8, 6), (8, 6), (8, 6)) ----> (0.2790471911430359, 0.33067452907562256, 0.26285532116889954, 0.12742295861244202)
Move Option: ((4, 2), (8, 6), (8, 6), (9, 7)) ----> (0.28101301193237305, 0.33134332299232483, 0.2598706781864166, 0.12777306139469147)
Move Option: ((4, 2), (8, 6), (8, 6), (23, 21)) ----> (0.2721463441848755, 0.3275947868824005, 0.2737683355808258, 0.1264905482530594)
Move Option: ((4, 2), (8, 6), (9, 7), (9, 7)) ----> (0.2610131502151489, 0.3261186182498932, 0.28309422731399536, 0.12977400422096252)
Move Option: ((4, 2), (8, 6), (9, 7), (23, 21)) ----> (0.2663272023200989, 0.3269180953502655, 0.27867573499679565, 0.12807893753051758)
Move Option: ((4, 2), (8, 6), (23, 21), (23, 21)) ----> (0.24698875844478607, 0.3205712139606476, 0.30207711458206177, 0.13036289811134338)
Move Option: ((4, 2), (9, 7), (9, 7), (23, 21)) ----> (0.25501713156700134, 0.32457005977630615, 0.2911286950111389, 0.12928415834903717)
Move Option: ((4, 2), (9, 7), (23, 21), (23, 21)) ----> (0.2546863555908203, 0.32354921102523804, 0.2923503518104553, 0.12941408157348633)
Move Option: ((6, 4), (6, 4), (8, 6), (6, 4)) ----> (0.29064029455184937, 0.33542993664741516, 0.24562415480613708, 0.12830564379692078)
Move Option: ((6, 4), (6, 4), (8, 6), (8, 6)) ----> (0.26359567046165466, 0.32737216353416443, 0.2801089286804199, 0.128923237323761)
Move Option: ((6, 4), (6, 4), (8, 6), (9, 7)) ----> (0.2858542203903198, 0.33379536867141724, 0.2521611750125885, 0.12818922102451324)
Move Option: ((6, 4), (6, 4), (8, 6), (23, 21)) ----> (0.27436888217926025, 0.3292919993400574, 0.2691795527935028, 0.12715961039066315)
Move Option: ((6, 4), (6, 4), (9, 7), (9, 7)) ----> (0.2751031816005707, 0.3313141465187073, 0.26436248421669006, 0.1292201727628708)
Move Option: ((6, 4), (6, 4), (9, 7), (23, 21)) ----> (0.28027474880218506, 0.3319787383079529, 0.25975748896598816, 0.1279890090227127)
Move Option: ((6, 4), (6, 4), (23, 21), (23, 21)) ----> (0.25884416699409485, 0.3251049518585205, 0.2867053151130676, 0.1293456107378006)
Move Option: ((6, 4), (8, 6), (8, 6), (8, 6)) ----> (0.2536921501159668, 0.32403481006622314, 0.29220256209373474, 0.1300705373287201)
Move Option: ((6, 4), (8, 6), (8, 6), (9, 7)) ----> (0.2559986710548401, 0.32446160912513733, 0.2889210879802704, 0.1306186318397522)
Move Option: ((6, 4), (8, 6), (8, 6), (23, 21)) ----> (0.24544891715049744, 0.32127290964126587, 0.30274003744125366, 0.13053809106349945)
Move Option: ((6, 4), (8, 6), (9, 7), (9, 7)) ----> (0.24009178578853607, 0.31892016530036926, 0.30804404616355896, 0.1329440027475357)
Move Option: ((6, 4), (8, 6), (9, 7), (23, 21)) ----> (0.24588905274868011, 0.32143518328666687, 0.3017582893371582, 0.13091740012168884)
Move Option: ((6, 4), (8, 6), (23, 21), (23, 21)) ----> (0.22537538409233093, 0.31150540709495544, 0.3282891809940338, 0.13482999801635742)
Move Option: ((6, 4), (9, 7), (9, 7), (23, 21)) ----> (0.25854992866516113, 0.3259120583534241, 0.2863961160182953, 0.12914185225963593)
Move Option: ((6, 4), (9, 7), (23, 21), (23, 21)) ----> (0.2557145953178406, 0.32407453656196594, 0.29070207476615906, 0.12950877845287323)
Move Option: ((8, 6), (8, 6), (8, 6), (9, 7)) ----> (0.25643056631088257, 0.32482674717903137, 0.28883567452430725, 0.1299070119857788)
Move Option: ((8, 6), (8, 6), (8, 6), (23, 21)) ----> (0.24358001351356506, 0.3210640847682953, 0.3057519495487213, 0.12960389256477356)
Move Option: ((8, 6), (8, 6), (9, 7), (9, 7)) ----> (0.2409473955631256, 0.31914839148521423, 0.3075512945652008, 0.13235287368297577)
Move Option: ((8, 6), (8, 6), (9, 7), (23, 21)) ----> (0.24608153104782104, 0.32137906551361084, 0.30224061012268066, 0.13029879331588745)
Move Option: ((8, 6), (8, 6), (23, 21), (23, 21)) ----> (0.2242887020111084, 0.3114386796951294, 0.3299342393875122, 0.1343383938074112)
Move Option: ((8, 6), (9, 7), (9, 7), (23, 21)) ----> (0.2230233997106552, 0.31052571535110474, 0.3312831521034241, 0.13516779243946075)
Move Option: ((8, 6), (9, 7), (23, 21), (23, 21)) ----> (0.22315482795238495, 0.3089320957660675, 0.33176785707473755, 0.1361452341079712)
Move Option: ((9, 7), (9, 7), (23, 21), (23, 21)) ----> (0.21197333931922913, 0.30188408493995667, 0.3468184769153595, 0.1393241286277771)

Roll = (2, 3)
Move Option: ((3, 1), (4, 1)) ----> (0.27438822388648987, 0.3296779990196228, 0.26914188265800476, 0.126791849732399)
Move Option: ((3, 1), (6, 3)) ----> (0.2849997282028198, 0.3335597515106201, 0.25386202335357666, 0.1275785267353058)
Move Option: ((3, 1), (9, 6)) ----> (0.2699217200279236, 0.3288348913192749, 0.2730579078197479, 0.12818549573421478)
Move Option: ((4, 2), (4, 1)) ----> (0.27619895339012146, 0.3303932547569275, 0.266012966632843, 0.12739478051662445)
Move Option: ((4, 2), (6, 3)) ----> (0.29825904965400696, 0.3359511196613312, 0.23887474834918976, 0.12691514194011688)
Move Option: ((4, 2), (9, 6)) ----> (0.27241456508636475, 0.32928335666656494, 0.27006906270980835, 0.12823297083377838)
Move Option: ((6, 4), (6, 3)) ----> (0.2789016366004944, 0.3320135772228241, 0.2605975270271301, 0.12848719954490662)
Move Option: ((6, 4), (9, 6)) ----> (0.25506383180618286, 0.32501140236854553, 0.289870023727417, 0.13005474209785461)
Move Option: ((8, 6), (4, 1)) ----> (0.27070218324661255, 0.32905468344688416, 0.2721710205078125, 0.12807218730449677)
Move Option: ((8, 6), (6, 3)) ----> (0.24989169836044312, 0.3231159746646881, 0.29671770334243774, 0.13027457892894745)
Move Option: ((8, 6), (9, 6)) ----> (0.24913997948169708, 0.32207944989204407, 0.2977498769760132, 0.13103073835372925)
Move Option: ((9, 7), (4, 1)) ----> (0.2756621241569519, 0.3307863771915436, 0.2655927836894989, 0.1279587596654892)
Move Option: ((9, 7), (6, 3)) ----> (0.2789362967014313, 0.33153480291366577, 0.26171255111694336, 0.12781628966331482)
Move Option: ((9, 7), (9, 6)) ----> (0.24557991325855255, 0.32158055901527405, 0.30141451954841614, 0.1314249336719513)
Move Option: ((23, 21), (4, 1)) ----> (0.2645053267478943, 0.32683366537094116, 0.28146183490753174, 0.12719915807247162)
Move Option: ((23, 21), (6, 3)) ----> (0.2670574486255646, 0.32753390073776245, 0.27834975719451904, 0.1270589530467987)
Move Option: ((23, 21), (9, 6)) ----> (0.23659802973270416, 0.31840717792510986, 0.313442587852478, 0.13155211508274078)

Roll = (2, 4)
Move Option: ((3, 1), (6, 2)) ----> (0.3040008842945099, 0.33780965209007263, 0.23102258145809174, 0.12716692686080933)
Move Option: ((3, 1), (8, 4)) ----> (0.273823618888855, 0.3299219608306885, 0.2684234380722046, 0.12783102691173553)
Move Option: ((4, 2), (6, 2)) ----> (0.29923200607299805, 0.3363954722881317, 0.23731477558612823, 0.12705771625041962)
Move Option: ((4, 2), (8, 4)) ----> (0.2588876783847809, 0.32601842284202576, 0.2853514552116394, 0.12974247336387634)
Move Option: ((6, 4), (6, 2)) ----> (0.28740453720092773, 0.3347761929035187, 0.24921651184558868, 0.1286027431488037)
Move Option: ((6, 4), (8, 4)) ----> (0.28256097435951233, 0.33241620659828186, 0.2573203444480896, 0.12770242989063263)
Move Option: ((8, 6), (8, 4)) ----> (0.2530559301376343, 0.32361331582069397, 0.2930014431476593, 0.13032934069633484)
Move Option: ((9, 7), (6, 2)) ----> (0.2880224883556366, 0.33447206020355225, 0.249470517039299, 0.12803487479686737)
Move Option: ((9, 7), (7, 3)) ----> (0.25217893719673157, 0.323925644159317, 0.2937104403972626, 0.13018497824668884)
Move Option: ((9, 7), (8, 4)) ----> (0.25529009103775024, 0.32479098439216614, 0.2893138527870178, 0.130605086684227)
Move Option: ((23, 21), (6, 2)) ----> (0.276210218667984, 0.3299535810947418, 0.26688143610954285, 0.12695476412773132)
Move Option: ((23, 21), (8, 4)) ----> (0.24300308525562286, 0.3210102915763855, 0.3054064214229584, 0.13058027625083923)

Roll = (2, 5)
Move Option: ((3, 1), (6, 1)) ----> (0.2865470051765442, 0.33323243260383606, 0.2534048855304718, 0.12681569159030914)
Move Option: ((3, 1), (8, 3)) ----> (0.2602543532848358, 0.32712700963020325, 0.28308823704719543, 0.12953044474124908)
Move Option: ((3, 1), (9, 4)) ----> (0.2763068675994873, 0.3308371305465698, 0.26494958996772766, 0.12790654599666595)
Move Option: ((4, 2), (6, 1)) ----> (0.30677515268325806, 0.3389767110347748, 0.22681565582752228, 0.12743248045444489)
Move Option: ((4, 2), (8, 3)) ----> (0.2748311161994934, 0.32993894815444946, 0.2673359513282776, 0.12789399921894073)
Move Option: ((4, 2), (9, 4)) ----> (0.26097166538238525, 0.3267996907234192, 0.2825194001197815, 0.12970925867557526)
Move Option: ((6, 4), (6, 1)) ----> (0.2890172302722931, 0.3354288935661316, 0.2471368908882141, 0.1284170001745224)
Move Option: ((6, 4), (8, 3)) ----> (0.27740997076034546, 0.3309568166732788, 0.26364752650260925, 0.12798568606376648)
Move Option: ((6, 4), (9, 4)) ----> (0.2849277853965759, 0.33327817916870117, 0.2540055215358734, 0.1277884989976883)
Move Option: ((8, 6), (8, 3)) ----> (0.24987785518169403, 0.32243019342422485, 0.29711225628852844, 0.13057959079742432)
Move Option: ((8, 6), (9, 4)) ----> (0.24972747266292572, 0.3220639228820801, 0.29667937755584717, 0.13152913749217987)
Move Option: ((9, 7), (6, 1)) ----> (0.2880854308605194, 0.3348275125026703, 0.24905693531036377, 0.12803010642528534)
Move Option: ((9, 7), (8, 3)) ----> (0.2524973154067993, 0.3237440884113312, 0.2930642366409302, 0.13069432973861694)
Move Option: ((9, 7), (9, 4)) ----> (0.2528068423271179, 0.32447299361228943, 0.29205796122550964, 0.13066227734088898)
Move Option: ((23, 21), (6, 1)) ----> (0.2766563892364502, 0.33043402433395386, 0.26596349477767944, 0.12694606184959412)
Move Option: ((23, 21), (8, 3)) ----> (0.24123112857341766, 0.3204927146434784, 0.30782684683799744, 0.1304493248462677)
Move Option: ((23, 21), (9, 4)) ----> (0.24633023142814636, 0.322118878364563, 0.3012409508228302, 0.13030995428562164)
Move Option: ((23, 21), (21, 16)) ----> (0.22952590882778168, 0.3154459297657013, 0.32208725810050964, 0.132940873503685)

Roll = (2, 6)
Move Option: ((3, 1), (8, 2)) ----> (0.2823318541049957, 0.3323836922645569, 0.25759854912757874, 0.12768587470054626)
Move Option: ((3, 1), (9, 3)) ----> (0.2626650035381317, 0.32797113060951233, 0.2798876166343689, 0.12947626411914825)
Move Option: ((4, 2), (8, 2)) ----> (0.2775685489177704, 0.33109259605407715, 0.2633625566959381, 0.12797634303569794)
Move Option: ((4, 2), (9, 3)) ----> (0.2763177454471588, 0.33039402961730957, 0.2654132544994354, 0.12787498533725739)
Move Option: ((6, 4), (8, 2)) ----> (0.2862169146537781, 0.3338439464569092, 0.2517760694026947, 0.12816306948661804)
Move Option: ((6, 4), (9, 3)) ----> (0.27939513325691223, 0.33164501190185547, 0.26092782616615295, 0.12803204357624054)
Move Option: ((8, 6), (8, 2)) ----> (0.2590571343898773, 0.3254588842391968, 0.28556564450263977, 0.1299184411764145)
Move Option: ((8, 6), (9, 3)) ----> (0.2463858425617218, 0.3206891119480133, 0.3010380268096924, 0.1318870186805725)
Move Option: ((9, 7), (8, 2)) ----> (0.261536568403244, 0.32681581377983093, 0.2813870906829834, 0.13026054203510284)
Move Option: ((9, 7), (9, 3)) ----> (0.24971535801887512, 0.3233289420604706, 0.2960132956504822, 0.13094253838062286)
Move Option: ((23, 21), (8, 2)) ----> (0.25114908814430237, 0.3235209882259369, 0.29561948776245117, 0.12971043586730957)
Move Option: ((23, 21), (9, 3)) ----> (0.24422180652618408, 0.3214659094810486, 0.30403760075569153, 0.1302746832370758)
Move Option: ((23, 21), (21, 15)) ----> (0.19803129136562347, 0.29400572180747986, 0.365655779838562, 0.14230720698833466)

Roll = (3, 3)
Move Option: ((4, 1), (4, 1), (6, 3), (6, 3)) ----> (0.2802797555923462, 0.33248570561408997, 0.2589718699455261, 0.1282626986503601)
Move Option: ((4, 1), (4, 1), (6, 3), (9, 6)) ----> (0.25549930334091187, 0.32492291927337646, 0.2904866933822632, 0.1290910691022873)
Move Option: ((4, 1), (4, 1), (9, 6), (9, 6)) ----> (0.2503035068511963, 0.32293784618377686, 0.2971249222755432, 0.12963376939296722)
Move Option: ((4, 1), (6, 3), (6, 3), (9, 6)) ----> (0.3045854866504669, 0.3382915258407593, 0.22971878945827484, 0.12740422785282135)
Move Option: ((4, 1), (6, 3), (9, 6), (9, 6)) ----> (0.2694215178489685, 0.3289375603199005, 0.27296319603919983, 0.12867777049541473)
Move Option: ((6, 3), (6, 3), (9, 6), (6, 3)) ----> (0.2856738567352295, 0.33423689007759094, 0.25131580233573914, 0.1287735253572464)
Move Option: ((6, 3), (6, 3), (9, 6), (9, 6)) ----> (0.25198087096214294, 0.3238524794578552, 0.2933363616466522, 0.1308303326368332)

Roll = (3, 4)
Move Option: ((4, 1), (6, 2)) ----> (0.30677515268325806, 0.3389767110347748, 0.22681565582752228, 0.12743248045444489)
Move Option: ((4, 1), (8, 4)) ----> (0.2602543532848358, 0.32712700963020325, 0.28308823704719543, 0.12953044474124908)
Move Option: ((6, 3), (6, 2)) ----> (0.28430262207984924, 0.33364492654800415, 0.253560870885849, 0.12849166989326477)
Move Option: ((6, 3), (8, 4)) ----> (0.27740997076034546, 0.3309568166732788, 0.26364752650260925, 0.12798568606376648)
Move Option: ((9, 6), (6, 2)) ----> (0.26097166538238525, 0.3267996907234192, 0.2825194001197815, 0.12970925867557526)
Move Option: ((9, 6), (8, 4)) ----> (0.24972747266292572, 0.3220639228820801, 0.29667937755584717, 0.13152913749217987)

Roll = (3, 5)
Move Option: ((4, 1), (6, 1)) ----> (0.2896004021167755, 0.3343839943408966, 0.2489476203918457, 0.1270679235458374)
Move Option: ((4, 1), (8, 3)) ----> (0.2756200134754181, 0.3305374085903168, 0.26613080501556396, 0.12771174311637878)
Move Option: ((4, 1), (9, 4)) ----> (0.2626650035381317, 0.32797113060951233, 0.2798876166343689, 0.12947626411914825)
Move Option: ((6, 3), (6, 1)) ----> (0.2855699360370636, 0.33432990312576294, 0.251742422580719, 0.12835776805877686)
Move Option: ((6, 3), (8, 3)) ----> (0.279595285654068, 0.33148178458213806, 0.2612033784389496, 0.12771953642368317)
Move Option: ((6, 3), (9, 4)) ----> (0.27939513325691223, 0.33164501190185547, 0.26092782616615295, 0.12803204357624054)
Move Option: ((9, 6), (8, 3)) ----> (0.2463858425617218, 0.3206891119480133, 0.3010380268096924, 0.1318870186805725)
Move Option: ((9, 6), (9, 4)) ----> (0.24710538983345032, 0.32166388630867004, 0.29964014887809753, 0.13159054517745972)

Roll = (3, 6)
Move Option: ((4, 1), (8, 2)) ----> (0.2855159342288971, 0.333629310131073, 0.2529335916042328, 0.12792107462882996)
Move Option: ((4, 1), (9, 3)) ----> (0.2777044475078583, 0.3312721848487854, 0.26323428750038147, 0.12778910994529724)
Move Option: ((6, 3), (8, 2)) ----> (0.28312528133392334, 0.33268746733665466, 0.25617149472236633, 0.12801577150821686)
Move Option: ((6, 3), (9, 3)) ----> (0.28153419494628906, 0.332192063331604, 0.2584979236125946, 0.12777584791183472)
Move Option: ((9, 6), (8, 2)) ----> (0.2557227909564972, 0.32411959767341614, 0.28911808133125305, 0.13103951513767242)
Move Option: ((9, 6), (9, 3)) ----> (0.24302038550376892, 0.3198718726634979, 0.3051079511642456, 0.13199974596500397)

Roll = (4, 4)
Move Option: ((6, 2), (6, 2), (8, 4), (8, 4)) ----> (0.2956070303916931, 0.33718183636665344, 0.23858411610126495, 0.12862703204154968)
Move Option: ((6, 2), (8, 4), (8, 4), (8, 4)) ----> (0.3004857003688812, 0.33794930577278137, 0.2336539775133133, 0.12791098654270172)

Roll = (4, 5)
Move Option: ((6, 2), (6, 1)) ----> (0.29369816184043884, 0.33666619658470154, 0.2412596493959427, 0.1283760517835617)
Move Option: ((6, 2), (8, 3)) ----> (0.28312528133392334, 0.33268746733665466, 0.25617149472236633, 0.12801577150821686)
Move Option: ((6, 2), (9, 4)) ----> (0.2883496880531311, 0.3345597982406616, 0.24888209998607635, 0.12820836901664734)
Move Option: ((8, 4), (6, 1)) ----> (0.2875431180000305, 0.33453550934791565, 0.24985207617282867, 0.1280692219734192)
Move Option: ((8, 4), (8, 3)) ----> (0.25606536865234375, 0.32481613755226135, 0.28914710879325867, 0.12997139990329742)
Move Option: ((8, 4), (9, 4)) ----> (0.26033952832221985, 0.3263671398162842, 0.28335702419281006, 0.12993626296520233)

Roll = (4, 6)
Move Option: ((6, 2), (8, 2)) ----> (0.28674018383026123, 0.3340595066547394, 0.25109943747520447, 0.12810082733631134)
Move Option: ((6, 2), (9, 3)) ----> (0.2849135100841522, 0.33331993222236633, 0.25369277596473694, 0.1280738264322281)
Move Option: ((8, 4), (8, 2)) ----> (0.265079140663147, 0.3277636468410492, 0.27761515974998474, 0.1295420229434967)
Move Option: ((8, 4), (9, 3)) ----> (0.25259554386138916, 0.3233438730239868, 0.29293540120124817, 0.1311250776052475)

Roll = (5, 5)
Move Option: ((6, 1), (6, 1), (8, 3), (8, 3)) ----> (0.27338433265686035, 0.3315610885620117, 0.2652053236961365, 0.12984931468963623)
Move Option: ((6, 1), (6, 1), (8, 3), (9, 4)) ----> (0.26955798268318176, 0.33006709814071655, 0.2694689929485321, 0.1309058964252472)
Move Option: ((6, 1), (6, 1), (9, 4), (9, 4)) ----> (0.2788509130477905, 0.33340921998023987, 0.2578187584877014, 0.1299211084842682)
Move Option: ((6, 1), (8, 3), (8, 3), (8, 3)) ----> (0.2932601273059845, 0.33615031838417053, 0.2427472174167633, 0.1278422772884369)
Move Option: ((6, 1), (8, 3), (8, 3), (9, 4)) ----> (0.29259276390075684, 0.3359977602958679, 0.24306753277778625, 0.1283418983221054)
Move Option: ((6, 1), (8, 3), (9, 4), (9, 4)) ----> (0.2894026041030884, 0.3354503810405731, 0.2464020848274231, 0.12874498963356018)
Move Option: ((8, 3), (8, 3), (8, 3), (9, 4)) ----> (0.26403602957725525, 0.32740581035614014, 0.27824854850769043, 0.13030962646007538)
Move Option: ((8, 3), (8, 3), (9, 4), (9, 4)) ----> (0.26364025473594666, 0.32707059383392334, 0.279007226228714, 0.13028189539909363)

Roll = (5, 6)
Move Option: ((6, 1), (8, 2)) ----> (0.2929331362247467, 0.33607998490333557, 0.24288403987884521, 0.12810282409191132)
Move Option: ((6, 1), (9, 3)) ----> (0.2866881787776947, 0.33431917428970337, 0.25092753767967224, 0.12806499004364014)
Move Option: ((8, 3), (8, 2)) ----> (0.2621513903141022, 0.3266412913799286, 0.2815799117088318, 0.12962736189365387)
Move Option: ((8, 3), (9, 3)) ----> (0.25489556789398193, 0.3242952823638916, 0.29020819067955017, 0.13060098886489868)
Move Option: ((9, 4), (8, 2)) ----> (0.2615206837654114, 0.3264513909816742, 0.2815190255641937, 0.1305089294910431)
Move Option: ((9, 4), (9, 3)) ----> (0.24999424815177917, 0.3229464590549469, 0.2957974076271057, 0.13126179575920105)

Roll = (6, 6)
Move Option: ((8, 2), (8, 2), (8, 2), (9, 3)) ----> (0.264680415391922, 0.32751092314720154, 0.27741846442222595, 0.13039018213748932)
Move Option: ((8, 2), (8, 2), (9, 3), (9, 3)) ----> (0.2658518850803375, 0.3279407024383545, 0.2753395140171051, 0.1308678686618805)

Roll Summary:
Roll: (1, 1) ----> 0.19989264011383057 (From ((8, 7), (8, 7), (9, 8), (9, 8)))
Roll: (1, 2) ----> 0.20528092980384827 (From ((8, 7), (23, 21)))
Roll: (1, 3) ----> 0.2541496157646179 (From ((8, 7), (9, 6)))
Roll: (1, 4) ----> 0.2656324803829193 (From ((4, 3), (8, 4)))
Roll: (1, 5) ----> 0.2742031216621399 (From ((4, 3), (9, 4)))
Roll: (1, 6) ----> 0.27428579330444336 (From ((8, 7), (9, 3)))
Roll: (2, 2) ----> 0.10036405920982361 (From ((9, 7), (9, 7), (23, 21), (23, 21)))
Roll: (2, 3) ----> 0.2150563895702362 (From ((23, 21), (9, 6)))
Roll: (2, 4) ----> 0.24044948816299438 (From ((23, 21), (8, 4)))
Roll: (2, 5) ----> 0.186528742313385 (From ((23, 21), (21, 16)))
Roll: (2, 6) ----> 0.03979811072349548 (From ((23, 21), (21, 15)))
Roll: (3, 3) ----> 0.2671523988246918 (From ((4, 1), (4, 1), (9, 6), (9, 6)))
Roll: (3, 4) ----> 0.261781245470047 (From ((9, 6), (8, 4)))
Roll: (3, 5) ----> 0.2486487627029419 (From ((9, 6), (8, 3)))
Roll: (3, 6) ----> 0.23680517077445984 (From ((9, 6), (9, 3)))
Roll: (4, 4) ----> 0.43255770206451416 (From ((6, 2), (6, 2), (8, 4), (8, 4)))
Roll: (4, 5) ----> 0.28785690665245056 (From ((8, 4), (8, 3)))
Roll: (4, 6) ----> 0.27334943413734436 (From ((8, 4), (9, 3)))
Roll: (5, 5) ----> 0.314780056476593 (From ((8, 3), (8, 3), (9, 4), (9, 4)))
Roll: (5, 6) ----> 0.2646139860153198 (From ((9, 4), (9, 3)))
Roll: (6, 6) ----> 0.31867286562919617 (From ((8, 2), (8, 2), (8, 2), (9, 3)))
|    | 01   02   03   04   05   06 |    | 07   08   09   10   11   12 |    |
|----|----+----+----+----+----+----|----|----+----+----+----+----+----|----|
| 00 |       O    O    O    X    O |    |       O    O         X      |    |
|    |       O    O    O    X    O |    |       O    O                |    |
|    |                             |    |       O                     |    |
|    |                             | O  |                             |    |
|    |                             | 00 |                             |    |
|    |                             |    |                             |    |
|----|                             |    |                             |----|
|    |                             |    |                             |    |
|    |                             | 00 |                             |    |
|    |                             | X  |                             |    |
|    |                             |    |                             |    |
|    |       O    X         X    X |    |  X    X                     |    |
| 00 |       O    X         X    X |    |  X    X         X    X      |    |
|----|----+----+----+----+----+----|----|----+----+----+----+----+----|----|
|    | 24   23   22   21   20   19 |    | 18   17   16   15   14   13 |    |
#############################################################
#############################################################
Analyze Results

Input Board:
|    | 01   02   03   04   05   06 |    | 07   08   09   10   11   12 |    |
|----|----+----+----+----+----+----|----|----+----+----+----+----+----|----|
| 00 |  X                        O |    |  O    O                   X |    |
|    |  X                        O |    |       O                   X |    |
|    |                           O |    |       O                   X |    |
|    |                           O | O  |                           X |    |
|    |                           O | 00 |                             |    |
|    |                             |    |                             |    |
|----|                             |    |                             |----|
|    |                             |    |                             |    |
|    |                             | 00 |                             |    |
|    |                           X | X  |                           O |    |
|    |                           X |    |       X                   O |    |
|    |       X                   X |    |       X                   O |    |
| 00 |  O    X              O    X |    |       X                   O |    |
|----|----+----+----+----+----+----|----|----+----+----+----+----+----|----|
|    | 24   23   22   21   20   19 |    | 18   17   16   15   14   13 |    |


Current Analyze:
Could not run analyze because no player 2 is not a neural network
|    | 01   02   03   04   05   06 |    | 07   08   09   10   11   12 |    |
|----|----+----+----+----+----+----|----|----+----+----+----+----+----|----|
| 00 |  X                        O |    |  O    O                   X |    |
|    |  X                        O |    |       O                   X |    |
|    |                           O |    |       O                   X |    |
|    |                           O | O  |                           X |    |
|    |                           O | 00 |                             |    |
|    |                             |    |                             |    |
|----|                             |    |                             |----|
|    |                             |    |                             |    |
|    |                             | 00 |                             |    |
|    |                           X | X  |                           O |    |
|    |                           X |    |       X                   O |    |
|    |       X                   X |    |       X                   O |    |
| 00 |  O    X              O    X |    |       X                   O |    |
|----|----+----+----+----+----+----|----|----+----+----+----+----+----|----|
|    | 24   23   22   21   20   19 |    | 18   17   16   15   14   13 |    |
#############################################################
